<?xml version="1.0" encoding="UTF-8" ?>
<testsuite errors="0" failures="3" hostname="DESKTOP-DO84JFN" name="dal.AcountDBContextTest" skipped="0" tests="10" time="0.53" timestamp="2024-06-27T17:51:11">
  <properties>
[...]
</properties>
  <testcase classname="dal.AcountDBContextTest" name="testLogin" time="0.298">
    <failure type="junit.framework.AssertionFailedError">junit.framework.AssertionFailedError
	at dal.AcountDBContextTest.testLogin(AcountDBContextTest.java:83)
	at java.base/jdk.internal.reflect.NativeMethodAccessorImpl.invoke0(Native Method)
	at java.base/jdk.internal.reflect.NativeMethodAccessorImpl.invoke(NativeMethodAccessorImpl.java:77)
	at java.base/jdk.internal.reflect.DelegatingMethodAccessorImpl.invoke(DelegatingMethodAccessorImpl.java:43)
</failure>
  </testcase>
  <testcase classname="dal.AcountDBContextTest" name="testMain" time="0.025" />
  <testcase classname="dal.AcountDBContextTest" name="testGetAccountById" time="0.018" />
  <testcase classname="dal.AcountDBContextTest" name="testGetAllAccountByPage" time="0.017" />
  <testcase classname="dal.AcountDBContextTest" name="testUpdateAccount" time="0.028" />
  <testcase classname="dal.AcountDBContextTest" name="testInsertAccount" time="0.017" />
  <testcase classname="dal.AcountDBContextTest" name="testCheckAccountExist" time="0.017">
    <failure type="junit.framework.AssertionFailedError">junit.framework.AssertionFailedError
	at dal.AcountDBContextTest.testCheckAccountExist(AcountDBContextTest.java:94)
	at java.base/jdk.internal.reflect.NativeMethodAccessorImpl.invoke0(Native Method)
	at java.base/jdk.internal.reflect.NativeMethodAccessorImpl.invoke(NativeMethodAccessorImpl.java:77)
	at java.base/jdk.internal.reflect.DelegatingMethodAccessorImpl.invoke(DelegatingMethodAccessorImpl.java:43)
</failure>
  </testcase>
  <testcase classname="dal.AcountDBContextTest" name="testGetTotalAccount" time="0.017" />
  <testcase classname="dal.AcountDBContextTest" name="testUpDatePassWord" time="0.018">
    <failure type="junit.framework.AssertionFailedError">junit.framework.AssertionFailedError
	at dal.AcountDBContextTest.testUpDatePassWord(AcountDBContextTest.java:150)
	at java.base/jdk.internal.reflect.NativeMethodAccessorImpl.invoke0(Native Method)
	at java.base/jdk.internal.reflect.NativeMethodAccessorImpl.invoke(NativeMethodAccessorImpl.java:77)
	at java.base/jdk.internal.reflect.DelegatingMethodAccessorImpl.invoke(DelegatingMethodAccessorImpl.java:43)
</failure>
  </testcase>
  <testcase classname="dal.AcountDBContextTest" name="testGetAllAccount" time="0.014" />
  <system-out><![CDATA[login
main
model.Account@2f217633
getAccountById
getAllAccountByPage
updateAccount
insertAccount
checkAccountExist
getTotalAccount
UpDatePassWord
getAllAccount
]]></system-out>
  <system-err><![CDATA[]]></system-err>
</testsuite>
